30 apr 2013 08:57:07,836 INFO  ~ Starting /Users/stefanjurmu/myBlog
30 apr 2013 08:57:08,776 WARN  ~ You're running Play! in DEV mode
30 apr 2013 08:57:08,877 INFO  ~ Listening for HTTP on port 9000 (Waiting a first request to start) ...
30 apr 2013 08:57:31,942 INFO  ~ Connected to jdbc:h2:mem:play;MODE=MYSQL;LOCK_MODE=0
30 apr 2013 08:57:33,151 INFO  ~ Application 'myBlog' is now started !
30 apr 2013 09:11:57,598 ERROR ~ 

@6e63jkl1e
Internal Server Error (500) for request GET /@tests

Compilation error (In /test/BasicTest.java around line 23)
The file /test/BasicTest.java could not be compiled. Error raised is : Syntax error, insert ";" to complete FieldDeclaration

play.exceptions.CompilationException: Syntax error, insert ";" to complete FieldDeclaration
	at play.classloading.ApplicationCompiler$2.acceptResult(ApplicationCompiler.java:246)
	at org.eclipse.jdt.internal.compiler.Compiler.handleInternalException(Compiler.java:676)
	at org.eclipse.jdt.internal.compiler.Compiler.compile(Compiler.java:520)
	at play.classloading.ApplicationCompiler.compile(ApplicationCompiler.java:282)
	at play.classloading.ApplicationClasses$ApplicationClass.compile(ApplicationClasses.java:281)
	at play.classloading.ApplicationClassloader.detectChanges(ApplicationClassloader.java:324)
	at play.Play.detectChanges(Play.java:625)
	at play.Invoker$Invocation.init(Invoker.java:198)
	at Invocation.HTTP Request(Play!)
30 apr 2013 09:12:29,649 ERROR ~ 

@6e63jkl1f
Internal Server Error (500) for request GET /@tests

Compilation error (In /test/BasicTest.java around line 22)
The file /test/BasicTest.java could not be compiled. Error raised is : Syntax error, insert ";" to complete FieldDeclaration

play.exceptions.CompilationException: Syntax error, insert ";" to complete FieldDeclaration
	at play.classloading.ApplicationCompiler$2.acceptResult(ApplicationCompiler.java:246)
	at org.eclipse.jdt.internal.compiler.Compiler.handleInternalException(Compiler.java:676)
	at org.eclipse.jdt.internal.compiler.Compiler.compile(Compiler.java:520)
	at play.classloading.ApplicationCompiler.compile(ApplicationCompiler.java:282)
	at play.classloading.ApplicationClasses$ApplicationClass.compile(ApplicationClasses.java:281)
	at play.classloading.ApplicationClassloader.detectChanges(ApplicationClassloader.java:324)
	at play.Play.detectChanges(Play.java:625)
	at play.Invoker$Invocation.init(Invoker.java:198)
	at Invocation.HTTP Request(Play!)
30 apr 2013 09:12:30,901 ERROR ~ 

@6e63jkl1g
Internal Server Error (500) for request GET /@tests

Compilation error (In /test/BasicTest.java around line 22)
The file /test/BasicTest.java could not be compiled. Error raised is : Syntax error, insert ";" to complete FieldDeclaration

play.exceptions.CompilationException: Syntax error, insert ";" to complete FieldDeclaration
	at play.classloading.ApplicationCompiler$2.acceptResult(ApplicationCompiler.java:246)
	at org.eclipse.jdt.internal.compiler.Compiler.handleInternalException(Compiler.java:676)
	at org.eclipse.jdt.internal.compiler.Compiler.compile(Compiler.java:520)
	at play.classloading.ApplicationCompiler.compile(ApplicationCompiler.java:282)
	at play.classloading.ApplicationClasses$ApplicationClass.compile(ApplicationClasses.java:281)
	at play.classloading.ApplicationClassloader.detectChanges(ApplicationClassloader.java:324)
	at play.Play.detectChanges(Play.java:625)
	at play.Invoker$Invocation.init(Invoker.java:198)
	at Invocation.HTTP Request(Play!)
30 apr 2013 09:12:31,546 ERROR ~ 

@6e63jkl1h
Internal Server Error (500) for request GET /@tests

Compilation error (In /test/BasicTest.java around line 22)
The file /test/BasicTest.java could not be compiled. Error raised is : Syntax error, insert ";" to complete FieldDeclaration

play.exceptions.CompilationException: Syntax error, insert ";" to complete FieldDeclaration
	at play.classloading.ApplicationCompiler$2.acceptResult(ApplicationCompiler.java:246)
	at org.eclipse.jdt.internal.compiler.Compiler.handleInternalException(Compiler.java:676)
	at org.eclipse.jdt.internal.compiler.Compiler.compile(Compiler.java:520)
	at play.classloading.ApplicationCompiler.compile(ApplicationCompiler.java:282)
	at play.classloading.ApplicationClasses$ApplicationClass.compile(ApplicationClasses.java:281)
	at play.classloading.ApplicationClassloader.detectChanges(ApplicationClassloader.java:324)
	at play.Play.detectChanges(Play.java:625)
	at play.Invoker$Invocation.init(Invoker.java:198)
	at Invocation.HTTP Request(Play!)
30 apr 2013 09:12:32,029 ERROR ~ 

@6e63jkl1i
Internal Server Error (500) for request GET /@tests

Compilation error (In /test/BasicTest.java around line 22)
The file /test/BasicTest.java could not be compiled. Error raised is : Syntax error, insert ";" to complete FieldDeclaration

play.exceptions.CompilationException: Syntax error, insert ";" to complete FieldDeclaration
	at play.classloading.ApplicationCompiler$2.acceptResult(ApplicationCompiler.java:246)
	at org.eclipse.jdt.internal.compiler.Compiler.handleInternalException(Compiler.java:676)
	at org.eclipse.jdt.internal.compiler.Compiler.compile(Compiler.java:520)
	at play.classloading.ApplicationCompiler.compile(ApplicationCompiler.java:282)
	at play.classloading.ApplicationClasses$ApplicationClass.compile(ApplicationClasses.java:281)
	at play.classloading.ApplicationClassloader.detectChanges(ApplicationClassloader.java:324)
	at play.Play.detectChanges(Play.java:625)
	at play.Invoker$Invocation.init(Invoker.java:198)
	at Invocation.HTTP Request(Play!)
